== ground truth: roots of x^5+20x+16 (dps=100) ==
   -0.78508719076579600387546738552631154537011529933665
   (1.6648938120614490021284061071725276685666107626687 - 1.5159092107279657659723446863789580322502063895157j)
   (1.6648938120614490021284061071725276685666107626687 + 1.5159092107279657659723446863789580322502063895157j)
   (-1.2723502166785510001906724144093718958815531130004 + 1.5494988521147215469893560361413501571262694156919j)
   (-1.2723502166785510001906724144093718958815531130004 - 1.5494988521147215469893560361413501571262694156919j)

== branch (+) ==
  Z_B = 0.00058707653778077016986031019399187588189118488644078
  j   = 24.644584400975808661434177086878267555530811402521   (exact: 10400 - 4640*sqrt5)
  |j - (10400 -/+ 4640 sqrt5)| = 1.0241e-97

== branch (-) ==
  Z_B = -0.000052500726645812462500128398764000613616977084395585
  j   = 20775.355415599024191338565822913121732444469188597   (exact: 10400 + 4640*sqrt5)
  |j - (10400 -/+ 4640 sqrt5)| = 1.1704e-96

== branch (+) inversion ==
  lambda = (0.5 - 0.63600982475703448212621123086874574585780402092005j)
  tau    = (-0.426097093884528808775669755008358966818122987997461564983268 + 0.904677437865651119516162633252530797608512631900460734600314j)
  |tau|  = 1.0
  round-trip |1728*kleinj(tau) - j| = 4.7711e-99

== branch (-) inversion ==
  lambda = 0.10692431112128835696522070707852053523843897108114
  tau    = (0.0 + 1.5763597434783279911439243522092405445852437863894888489786j)
  |tau|  = 1.5763597434783279911439243522092405445852437863895
  round-trip |1728*kleinj(tau) - j| = 2.3408e-97

== agreement with archive tau_values.txt (60-digit) ==
  |tau(+) - archive| = 4.7287e-61
  |tau(-) - archive| = 5.2423e-62

== Brioschi roots and Kiepert map re-verification ==
-- branch (+) Brioschi roots x_k of x^5-10Zx^3+45Z^2x-Z^2:
     0.03577829173455218434346373488589969608368
     (0.0450365544142371392113614573767476294776 - 0.004978584886824047741820021033207283184915j)
     (0.0450365544142371392113614573767476294776 + 0.004978584886824047741820021033207283184915j)
     (-0.06292570028151323138309332481969747751945 + 0.02706337717033343896356840835921532272957j)
     (-0.06292570028151323138309332481969747751945 - 0.02706337717033343896356840835921532272957j)
   Kiepert-mapped y_k vs ground truth, max |diff| = 1.181e-99
-- branch (-) Brioschi roots x_k of x^5-10Zx^3+45Z^2x-Z^2:
     0.01224141847071832440580232034130723142457
     (-0.01201861666530554836472185244966028142463 + 0.01636795010505369541473221401371201117784j)
     (-0.01201861666530554836472185244966028142463 - 0.01636795010505369541473221401371201117784j)
     (0.005897907429946386161820692279006665712349 + 0.02261097294465667772957638722202481555473j)
     (0.005897907429946386161820692279006665712349 - 0.02261097294465667772957638722202481555473j)
   Kiepert-mapped y_k vs ground truth, max |diff| = 6.3895e-101

[saved tower5_values.py]
