Phi_5 degrees: deg_x = 6, deg_y = 6
Phi_5(X,Y) - Phi_5(Y,X) = 0   [0 = symmetric]
phi5_coeffs.txt written, 38 monomials

factor of Phi_5(X, j_+) over Q(sqrt5): #factors = 1
   degree 6 ^1
factor of Phi_5(X, j_-) over Q(sqrt5): #factors = 1
   degree 6 ^1

R12 = Res_Y(minpoly(j), Phi_5) : degree 12
factorization of R12 over Q:
   degree 12 ^1
leading/first factor written below (for the record):
x^12 - 3217211347910233581440*x^11 + 9495122036367520627619039513825280*x^10 - 15082935735163150402031130677950327356194816000*x^9 - 879623846643000430904376276801971262821968043315298304000*x^8 + 398321429298657388231003201526554442597988526355602812047668019200*x^7 + 1100802234471281544923094150133259901627574153334273112768325789679616000*x^6 + 915454208060354609503457992351704667215276166501650278107477150521148571648000*x^5 + 26970171424718007333969633187753758279546738154986604363062435430428881306255360000*x^4 + 218218259603440731422877268458732981721802263717466026692235902320624432633337610240000*x^3 + 912252551910473806163609738611941833391778247310579196569856238661758064117002075635712000*x^2 + 1540847644195730430389392725288597297338923165957154668268574820286579084330176203875942400000*x + 948756561412755039338764864590376560162559995164754992673557280980637870766989456581853184000000

distinct pentagon-sum theta values: 12 (expect 12)
integer-coefficient sextic found (orbit 1): X^6 - 100*X^4 + 6000*X^2 + 32000*X + 40000

pentagon resolvent sextic RS6(X) = X^6 - 100*X^4 + 6000*X^2 + 32000*X + 40000
RS6 irreducible over Q: 1
galois group of RS6 (polgalois): [60, 1, 1, "L(6) = PSL(2,5) = A_5(6)"]

[grade] R12 irreducible over Q: 1
[grade] Q(sqrt5) embeds in K12 = Q[X]/R12factor: 1
[grade] resolvent-sextic field embeds in K12: 1
        => K12 = RS6-field * Q(sqrt5) iff both yes and 12 = 6*2 (degrees): deg R12a = 12
