group order (projective) = 60  after 11 BFS rounds (expect 60)
order profile: {1: 1, 2: 15, 3: 20, 5: 24}  (expect {1:1,2:15,3:20,5:24})
j-invariance spot check, worst rel dev = 2.901e-49
#involutions = 15
#V4 subgroups = 5  (expect 5)
A4 sizes: [12, 12, 12, 12, 12]  (expect all 12)
#right cosets = 5  (expect 5)
word table built; longest word: 10

===== branch (+), r0 = (0.277015612315313824280601952358 - 0.16377117650089807439571174931j) =====
 seed z: five right-coset values (min pairwise |diff| = 1.45):
    u = (-1.81955830787987815378838634145584701148140913 + 5.85781038032165928385589068506487241719103872e-100j)
    u = (-0.587319034065382116140728037642281564744107215 + 0.763846942372883220812796419472641149519739959j)
    u = (1.49709818800532119303492120837020507048481178 + 5.80156708991796883350560633789691043933731493j)
    u = (-0.587319034065382116140728037642281564744107215 - 0.763846942372883220812796419472641149519739959j)
    u = (1.49709818800532119303492120837020507048481178 - 5.80156708991796883350560633789691043933731493j)
    e1 = (1.1715620760643318567711781370129744834382077446934e-99 - 2.857468478205687455539458870763352398629774987057e-100j)
    e2 = (30.0 + 2.057377304308094967988410386949613727013437990681e-99j)
    e3 = (-100.0 - 1.0744081478053384832828365354070205018847953951334e-98j)
    e4 = (105.0 + 5.9549643085806526573442322866708263987444510730268e-98j)
    e5 = (-60.644584400975808661434177086878267555530811402521 - 2.4662568040059510877953582058973871282916680709378e-98j)

===== branch (-), r0 = (0.137936475681951207374401503861 + 0.0j) =====
 seed z: five right-coset values (min pairwise |diff| = 7.144):
    u = (-6.85429051651414064325579071944768991195108015 - 1.09359801297534190076433286705140619995954892e-101j)
    u = (-1.64836313739260241743439535374186069378471719 + 7.49399600644113139985321834513129930360976443j)
    u = (5.07550839564967273906229071346570564976025726 + 5.08021255508638289015849087777374443858302905j)
    u = (5.07550839564967273906229071346570564976025726 - 5.08021255508638289015849087777374443858302905j)
    u = (-1.64836313739260241743439535374186069378471719 - 7.49399600644113139985321834513129930360976443j)
    e1 = (1.2429987880194740431596646087820582934039521193698e-99 - 7.4294180433347873844025930639847162364374149663482e-100j)
    e2 = (30.0 + 1.1429873912822749822157835483053409594519099948228e-99j)
    e3 = (-100.0 - 2.3774137738671319630088297804751091956599727892314e-98j)
    e4 = (105.0 + 1.7556286330095743726834435301970037137181337520478e-97j)
    e5 = (-20811.355415599024191338565822913121732444469188597 + 7.072138971049909566388942702377743897904127629057e-97j)

[saved orbit_words.pkl, uvals_p.txt, uvals_m.txt]
