##############################################################################
# THE FIVE ROOTS OF x^5+20x+16 FROM tau ALONE (both branches)
##############################################################################

===== branch (+) =====
input tau = (-0.426097093884528808775669755008358966818122987997461565 + 0.9046774378656511195161626332525307976085126319004607346j)
j(tau) = (24.64458440097580866143417708687826755553 - 2.414914179487993979784624307157758699723e-99j)
Z      = (0.0005870765377807701698603101939918758818912 - 8.323215710286277140972657966908974694514e-106j)
r(tau) = (0.2770156123153138242806019523584000466039 - 0.1637711765008980743957117493095985261343j)
five u_c (icosahedral A4-coset invariants):
    (-1.819558307879878153788386341455847011481 + 5.857810380321659283855890685064872417191e-100j)
    (-0.5873190340653821161407280376422815647441 + 0.7638469423728832208127964194726411495197j)
    (1.497098188005321193034921208370205070485 + 5.801567089917968833505606337896910439337j)
    (-0.5873190340653821161407280376422815647441 - 0.7638469423728832208127964194726411495197j)
    (1.497098188005321193034921208370205070485 - 5.801567089917968833505606337896910439337j)
five x_c = 1/(u^2-2u+21) (Brioschi-side):
    (0.03577829173455218434346373488589969608368 + 4.228492717915620520866200592488676957257e-102j)
    (0.0450365544142371392113614573767476294776 + 0.004978584886824047741820021033207283184915j)
    (-0.06292570028151323138309332481969747751945 - 0.02706337717033343896356840835921532272957j)
    (0.0450365544142371392113614573767476294776 - 0.004978584886824047741820021033207283184915j)
    (-0.06292570028151323138309332481969747751945 + 0.02706337717033343896356840835921532272957j)
five y_c (Kiepert push-through) -- THE CLAIMED ROOTS:
    (-0.785087190765796003875467385526311545370115299 - 1.19881368804117557449536220651320389968061002e-99j)
    (1.66489381206144900212840610717252766856661076 - 1.51590921072796576597234468637895803225020639j)
    (-1.27235021667855100019067241440937189588155311 + 1.54949885211472154698935603614135015712626942j)
    (1.66489381206144900212840610717252766856661076 + 1.51590921072796576597234468637895803225020639j)
    (-1.27235021667855100019067241440937189588155311 - 1.54949885211472154698935603614135015712626942j)

===== branch (-) =====
input tau = (0.0 + 1.576359743478327991143924352209240544585243786389488849j)
j(tau) = (20775.35541559902419133856582291312173244 + 0.0j)
Z      = (-0.00005250072664581246250012839876400061361698 + 0.0j)
r(tau) = (0.1379364756819512073744015038607435575586 + 0.0j)
five u_c (icosahedral A4-coset invariants):
    (-6.854290516514140643255790719447689911951 - 1.09359801297534190076433286705140619996e-101j)
    (-1.648363137392602417434395353741860693785 + 7.49399600644113139985321834513129930361j)
    (5.07550839564967273906229071346570564976 + 5.080212555086382890158490877773744438583j)
    (5.07550839564967273906229071346570564976 - 5.080212555086382890158490877773744438583j)
    (-1.648363137392602417434395353741860693785 - 7.49399600644113139985321834513129930361j)
five x_c = 1/(u^2-2u+21) (Brioschi-side):
    (0.01224141847071832440580232034130723142457 - 2.574294080775722018342525422855502874085e-104j)
    (-0.01201861666530554836472185244966028142463 + 0.01636795010505369541473221401371201117784j)
    (0.005897907429946386161820692279006665712349 - 0.02261097294465667772957638722202481555473j)
    (0.005897907429946386161820692279006665712349 + 0.02261097294465667772957638722202481555473j)
    (-0.01201861666530554836472185244966028142463 - 0.01636795010505369541473221401371201117784j)
five y_c (Kiepert push-through) -- THE CLAIMED ROOTS:
    (-0.785087190765796003875467385526311545370115299 + 1.47794437799608582605208465572255118029163581e-102j)
    (1.66489381206144900212840610717252766856661076 + 1.51590921072796576597234468637895803225020639j)
    (-1.27235021667855100019067241440937189588155311 - 1.54949885211472154698935603614135015712626942j)
    (-1.27235021667855100019067241440937189588155311 + 1.54949885211472154698935603614135015712626942j)
    (1.66489381206144900212840610717252766856661076 - 1.51590921072796576597234468637895803225020639j)

##############################################################################
# GRADES (ground truth entered only from here on)
##############################################################################

----- branch (+) -----
GRADE A  max_c min_b |x_c - brioschi_b|      = 1.103e-101
GRADE B  max_c min_r |y_c - root_r|          = 1.558e-99   (assignment bijective: True )
GRADE B' max |y_c^5 + 20 y_c + 16|           = 1.688e-97
GRADE C  max |coeff(prod(y-y_c)) - [1,0,0,0,20,16]| = 3.081e-98
         => roots recovered from tau alone to ~98 digits

----- branch (-) -----
GRADE A  max_c min_b |x_c - brioschi_b|      = 1.665e-101
GRADE B  max_c min_r |y_c - root_r|          = 2.617e-99   (assignment bijective: True )
GRADE B' max |y_c^5 + 20 y_c + 16|           = 2.359e-97
GRADE C  max |coeff(prod(y-y_c)) - [1,0,0,0,20,16]| = 5.464e-98
         => roots recovered from tau alone to ~98 digits

----- GRADE D: bridge universality at random tau -----
tau_rand = (-0.3141 + 0.8862j)  j = (174.2932604513425672972199 - 211.6945654435522689500833j)
GRADE D  max_c min_b |x_c - brioschi_b(Z(j))|  = 1.343e-101

[the bridge x = 1/(u^2-2u+21) and resolvent are UNIVERSAL in j:
 certified at both conjugate branches and at arbitrary tau]
