=== branch sign +1 ===
  Z  = 271/1013888 + 145*sqrt(5)/1013888   ~ 0.000587076537780770169860310193992
  lam= -4   mu = 416 - 128*sqrt(5)   ~ 129.783298880026918859625770402
  j  = 1728 - 1/Z = 10400 - 4640*sqrt(5)   ~ 24.6445844009758086614341770869
  j norm  = 512000 = factor: {2: 12, 5: 3}
  j trace = 20800
  mapped roots y_k residuals |y^5+20y+16|: ['2.36e-59', '2.12e-58', '2.12e-58', '1.34e-59', '1.34e-59']
  y_k = ['-0.78508719076579600388', '(1.6648938120614490021 - 1.515909210727965766j)', '(1.6648938120614490021 + 1.515909210727965766j)', '(-1.2723502166785510002 + 1.549498852114721547j)', '(-1.2723502166785510002 - 1.549498852114721547j)']

=== branch sign -1 ===
  Z  = 271/1013888 - 145*sqrt(5)/1013888   ~ -0.0000525007266458124625001283987640
  lam= -4   mu = 128*sqrt(5) + 416   ~ 702.216701119973081140374229598
  j  = 1728 - 1/Z = 4640*sqrt(5) + 10400   ~ 20775.3554155990241913385658229
  j norm  = 512000 = factor: {2: 12, 5: 3}
  j trace = 20800
  mapped roots y_k residuals |y^5+20y+16|: ['4.98e-60', '6.02e-59', '6.02e-59', '2.14e-59', '2.14e-59']
  y_k = ['-0.78508719076579600388', '(1.6648938120614490021 + 1.515909210727965766j)', '(1.6648938120614490021 - 1.515909210727965766j)', '(-1.2723502166785510002 - 1.549498852114721547j)', '(-1.2723502166785510002 + 1.549498852114721547j)']

Quintic roots of x^5+20x+16 (reference):
   -0.7850871907657960038754674
   (1.664893812061449002128406 - 1.515909210727965765972345j)
   (1.664893812061449002128406 + 1.515909210727965765972345j)
   (-1.272350216678551000190672 + 1.549498852114721546989356j)
   (-1.272350216678551000190672 - 1.549498852114721546989356j)
