record-Z (= j/1728 = H^3/1728f^5) values:
  Z_record(+) = 0.01426191226908322260499663025861010853908
  Z_record(-) = 12.0227751247679538144320404067784269285
  (Brioschi parameter Z_B = 1/(1728-j), certified in 02/02b)

kleinj normalization check: kleinj(i) = (1.0 + 0.0j)  (expect 1 if J = j/1728)

--- AGM inversion for j_+ (= 10400 - 4640*sqrt5, Z_+ branch): j = 24.64458440097580866143417708687826755553 ---
  lambda sextet:
     (0.5 - 0.636009824757034482126211230869j)
     (0.5 + 0.636009824757034482126211230869j)
     (0.236067977499789696409173668731 - 0.971736543513291356365727751789j)
     (0.763932022500210303590826331269 + 0.971736543513291356365727751789j)
     (0.236067977499789696409173668731 + 0.971736543513291356365727751789j)
     (0.763932022500210303590826331269 - 0.971736543513291356365727751789j)
  chosen lambda = (0.5 - 0.6360098247570344821262112308687457458578j)
  K  = (1.636039288818507891791638397106922647419 - 0.3659998131902317234768471257310097772848j)
  K' = (1.636039288818507891791638397106922647419 + 0.3659998131902317234768471257310097772848j)
  tau = iK'/K = (-0.4260970938845288087756697550083589668181 + 0.9046774378656511195161626332525307976085j)
  Landen cascade rungs used: 7
  C_tot = (1/2) sum ln(1+k_n) = (0.03255640145479875364875740167385263650743 - 0.1100435576110818270890356261711608641177j)
  (pi/2) e^{2C_tot}          = (1.636039288818507891791638397106922647419 - 0.3659998131902317234768471257310097772848j)
  |K - (pi/2)e^{2C_tot}|     = 0.0
  AGM(1,k') =  (0.9143607808126355600512765978898138693535 + 0.2045524684236502397119226013078644279546j)
  |K - pi/(2 AGM)| = 3.8893845e-62
  kleinj(tau)      = (0.01426191226908322260499663025861010853908 + 1.14969251697427884051191442605575731312e-62j)
  1728*kleinj(tau) = (24.64458440097580866143417708687826755553 + 1.986668669331553836404588128224348637072e-59j)
  round-trip error |1728*kleinj(tau) - j| = 2.4854507e-59
  q = e^{2 pi i tau} = (-0.0030391509721911798466531071218548517 - 0.0015222282420482338010712113725858771j)   |q| = 0.00339906126050411893573362058991

--- AGM inversion for j_- (= 10400 + 4640*sqrt5, Z_- branch): j = 20775.35541559902419133856582291312173244 ---
  lambda sextet:
     -8.35241003204277419705313576389
     -0.11972592295680519576521157357
     0.106924311121288356965220707079
     0.893075688878711643034779292921
     1.11972592295680519576521157357
     9.35241003204277419705313576389
  chosen lambda = 0.1069243111212883569652207070785205352384
  K  = 1.615515168657711783890763384417209109888
  K' = 2.546633076850618327908696727112480122339
  tau = iK'/K = (0.0 + 1.576359743478327991143924352209240544585j)
  Landen cascade rungs used: 6
  C_tot = (1/2) sum ln(1+k_n) = 0.01403559519982299308447992135195765263394
  (pi/2) e^{2C_tot}          = 1.615515168657711783890763384417209109888
  |K - (pi/2)e^{2C_tot}|     = 0.0
  AGM(1,k') =  0.9723191445488123452635891943368488047769
  |K - pi/(2 AGM)| = 0.0
  kleinj(tau)      = (12.0227751247679538144320404067784269285 + 0.0j)
  1728*kleinj(tau) = (20775.35541559902419133856582291312173244 + 0.0j)
  round-trip error |1728*kleinj(tau) - j| = 5.0978941e-57
  q = e^{2 pi i tau} = (0.00004994638743781708504042153039160159 + 0.0j)   |q| = 0.0000499463874378170850404215303916

=== Summary of emitted tau (principal representatives, mod PSL(2,Z) only) ===
  tau(+) = (-0.426097093884528808775669755008358966818122988 + 0.904677437865651119516162633252530797608512632j)    |tau| = 1.0
  tau(-) = (0.0 + 1.57635974347832799114392435220924054458524379j)    |tau| = 1.57635974347832799114392435221
  [saved to tau_values.txt]
